[debug] [2023-04-24T17:07:24.628Z] ----------------------------------------------------------------------
[debug] [2023-04-24T17:07:24.630Z] Command:       C:\Program Files\nodejs\node.exe C:\Users\harsh\AppData\Roaming\npm\node_modules\firebase-tools\lib\bin\firebase.js init
[debug] [2023-04-24T17:07:24.631Z] CLI Version:   11.28.0
[debug] [2023-04-24T17:07:24.632Z] Platform:      win32
[debug] [2023-04-24T17:07:24.632Z] Node Version:  v18.13.0
[debug] [2023-04-24T17:07:24.633Z] Time:          Mon Apr 24 2023 22:37:24 GMT+0530 (India Standard Time)
[debug] [2023-04-24T17:07:24.634Z] ----------------------------------------------------------------------
[debug] 
[debug] [2023-04-24T17:07:24.647Z] > command requires scopes: ["email","openid","https://www.googleapis.com/auth/cloudplatformprojects.readonly","https://www.googleapis.com/auth/firebase","https://www.googleapis.com/auth/cloud-platform"]
[debug] [2023-04-24T17:07:24.647Z] > authorizing via signed-in user (harshitvaish135@gmail.com)
[info] 
     ######## #### ########  ######## ########     ###     ######  ########
     ##        ##  ##     ## ##       ##     ##  ##   ##  ##       ##
     ######    ##  ########  ######   ########  #########  ######  ######
     ##        ##  ##    ##  ##       ##     ## ##     ##       ## ##
     ##       #### ##     ## ######## ########  ##     ##  ######  ########

You're about to initialize a Firebase project in this directory:

  C:\Users\harsh\Downloads\podsphere-Vaish\podsphere-master

[info] 
=== Project Setup
[info] 
[info] First, let's associate this project directory with a Firebase project.
[info] You can create multiple project aliases by running firebase use --add, 
[info] but for now we'll just set up a default project.
[info] 
[info] i  If you want to create a project in a Google Cloud organization or folder, please use "firebase projects:create" instead, and return to this command when you've created the project. 
[debug] [2023-04-24T17:07:48.352Z] > refreshing access token with scopes: []
[debug] [2023-04-24T17:07:48.357Z] >>> [apiv2][query] POST https://www.googleapis.com/oauth2/v3/token [none]
[debug] [2023-04-24T17:07:48.357Z] >>> [apiv2][body] POST https://www.googleapis.com/oauth2/v3/token [omitted]
[debug] [2023-04-24T17:07:48.722Z] <<< [apiv2][status] POST https://www.googleapis.com/oauth2/v3/token 200
[debug] [2023-04-24T17:07:48.723Z] <<< [apiv2][body] POST https://www.googleapis.com/oauth2/v3/token [omitted]
[debug] [2023-04-24T17:07:48.795Z] >>> [apiv2][query] POST https://cloudresourcemanager.googleapis.com/v1/projects [none]
[debug] [2023-04-24T17:07:48.795Z] >>> [apiv2][body] POST https://cloudresourcemanager.googleapis.com/v1/projects {"projectId":"podsphere","name":"podsphere"}
[debug] [2023-04-24T17:07:54.096Z] <<< [apiv2][status] POST https://cloudresourcemanager.googleapis.com/v1/projects 200
[debug] [2023-04-24T17:07:54.096Z] <<< [apiv2][body] POST https://cloudresourcemanager.googleapis.com/v1/projects {"name":"operations/cp.8194367950097758591"}
[debug] [2023-04-24T17:07:54.100Z] >>> [apiv2][query] GET https://cloudresourcemanager.googleapis.com/v1/operations/cp.8194367950097758591 [none]
[debug] [2023-04-24T17:07:55.994Z] <<< [apiv2][status] GET https://cloudresourcemanager.googleapis.com/v1/operations/cp.8194367950097758591 200
[debug] [2023-04-24T17:07:55.994Z] <<< [apiv2][body] GET https://cloudresourcemanager.googleapis.com/v1/operations/cp.8194367950097758591 {"name":"operations/cp.8194367950097758591"}
[debug] [2023-04-24T17:07:56.497Z] [Project Creation Poller] Retrying task index 0
[debug] [2023-04-24T17:07:56.498Z] >>> [apiv2][query] GET https://cloudresourcemanager.googleapis.com/v1/operations/cp.8194367950097758591 [none]
[debug] [2023-04-24T17:07:58.336Z] <<< [apiv2][status] GET https://cloudresourcemanager.googleapis.com/v1/operations/cp.8194367950097758591 200
[debug] [2023-04-24T17:07:58.336Z] <<< [apiv2][body] GET https://cloudresourcemanager.googleapis.com/v1/operations/cp.8194367950097758591 {"name":"operations/cp.8194367950097758591","metadata":{"@type":"type.googleapis.com/google.cloudresourcemanager.v1.ProjectCreationStatus","gettable":true,"ready":true},"done":true,"response":{"@type":"type.googleapis.com/google.cloudresourcemanager.v1.Project","projectNumber":"802097534589","projectId":"podsphere","lifecycleState":"ACTIVE","name":"podsphere","createTime":"2023-04-24T17:07:58.301Z"}}
[debug] [2023-04-24T17:07:58.340Z] >>> [apiv2][query] POST https://firebase.googleapis.com/v1beta1/projects/podsphere:addFirebase [none]
[debug] [2023-04-24T17:08:02.126Z] <<< [apiv2][status] POST https://firebase.googleapis.com/v1beta1/projects/podsphere:addFirebase 200
[debug] [2023-04-24T17:08:02.126Z] <<< [apiv2][body] POST https://firebase.googleapis.com/v1beta1/projects/podsphere:addFirebase {"name":"operations/workflows/YTM0OGZkMGQtNDUzOC00MWFjLTk2MTctOGJkMjgyNDNkZDBm"}
[debug] [2023-04-24T17:08:02.127Z] >>> [apiv2][query] GET https://firebase.googleapis.com/v1beta1/operations/workflows/YTM0OGZkMGQtNDUzOC00MWFjLTk2MTctOGJkMjgyNDNkZDBm [none]
[debug] [2023-04-24T17:08:03.336Z] <<< [apiv2][status] GET https://firebase.googleapis.com/v1beta1/operations/workflows/YTM0OGZkMGQtNDUzOC00MWFjLTk2MTctOGJkMjgyNDNkZDBm 200
[debug] [2023-04-24T17:08:03.336Z] <<< [apiv2][body] GET https://firebase.googleapis.com/v1beta1/operations/workflows/YTM0OGZkMGQtNDUzOC00MWFjLTk2MTctOGJkMjgyNDNkZDBm {"name":"operations/workflows/YTM0OGZkMGQtNDUzOC00MWFjLTk2MTctOGJkMjgyNDNkZDBm"}
[debug] [2023-04-24T17:08:03.849Z] [Add Firebase Poller] Retrying task index 0
[debug] [2023-04-24T17:08:03.850Z] >>> [apiv2][query] GET https://firebase.googleapis.com/v1beta1/operations/workflows/YTM0OGZkMGQtNDUzOC00MWFjLTk2MTctOGJkMjgyNDNkZDBm [none]
[debug] [2023-04-24T17:08:04.875Z] <<< [apiv2][status] GET https://firebase.googleapis.com/v1beta1/operations/workflows/YTM0OGZkMGQtNDUzOC00MWFjLTk2MTctOGJkMjgyNDNkZDBm 200
[debug] [2023-04-24T17:08:04.875Z] <<< [apiv2][body] GET https://firebase.googleapis.com/v1beta1/operations/workflows/YTM0OGZkMGQtNDUzOC00MWFjLTk2MTctOGJkMjgyNDNkZDBm {"name":"operations/workflows/YTM0OGZkMGQtNDUzOC00MWFjLTk2MTctOGJkMjgyNDNkZDBm"}
[debug] [2023-04-24T17:08:05.879Z] [Add Firebase Poller] Retrying task index 0
[debug] [2023-04-24T17:08:05.880Z] >>> [apiv2][query] GET https://firebase.googleapis.com/v1beta1/operations/workflows/YTM0OGZkMGQtNDUzOC00MWFjLTk2MTctOGJkMjgyNDNkZDBm [none]
[debug] [2023-04-24T17:08:06.816Z] <<< [apiv2][status] GET https://firebase.googleapis.com/v1beta1/operations/workflows/YTM0OGZkMGQtNDUzOC00MWFjLTk2MTctOGJkMjgyNDNkZDBm 200
[debug] [2023-04-24T17:08:06.817Z] <<< [apiv2][body] GET https://firebase.googleapis.com/v1beta1/operations/workflows/YTM0OGZkMGQtNDUzOC00MWFjLTk2MTctOGJkMjgyNDNkZDBm {"name":"operations/workflows/YTM0OGZkMGQtNDUzOC00MWFjLTk2MTctOGJkMjgyNDNkZDBm"}
[debug] [2023-04-24T17:08:08.825Z] [Add Firebase Poller] Retrying task index 0
[debug] [2023-04-24T17:08:08.826Z] >>> [apiv2][query] GET https://firebase.googleapis.com/v1beta1/operations/workflows/YTM0OGZkMGQtNDUzOC00MWFjLTk2MTctOGJkMjgyNDNkZDBm [none]
[debug] [2023-04-24T17:08:09.840Z] <<< [apiv2][status] GET https://firebase.googleapis.com/v1beta1/operations/workflows/YTM0OGZkMGQtNDUzOC00MWFjLTk2MTctOGJkMjgyNDNkZDBm 200
[debug] [2023-04-24T17:08:09.840Z] <<< [apiv2][body] GET https://firebase.googleapis.com/v1beta1/operations/workflows/YTM0OGZkMGQtNDUzOC00MWFjLTk2MTctOGJkMjgyNDNkZDBm {"name":"operations/workflows/YTM0OGZkMGQtNDUzOC00MWFjLTk2MTctOGJkMjgyNDNkZDBm"}
[debug] [2023-04-24T17:08:13.852Z] [Add Firebase Poller] Retrying task index 0
[debug] [2023-04-24T17:08:13.853Z] >>> [apiv2][query] GET https://firebase.googleapis.com/v1beta1/operations/workflows/YTM0OGZkMGQtNDUzOC00MWFjLTk2MTctOGJkMjgyNDNkZDBm [none]
[debug] [2023-04-24T17:08:14.725Z] <<< [apiv2][status] GET https://firebase.googleapis.com/v1beta1/operations/workflows/YTM0OGZkMGQtNDUzOC00MWFjLTk2MTctOGJkMjgyNDNkZDBm 200
[debug] [2023-04-24T17:08:14.725Z] <<< [apiv2][body] GET https://firebase.googleapis.com/v1beta1/operations/workflows/YTM0OGZkMGQtNDUzOC00MWFjLTk2MTctOGJkMjgyNDNkZDBm {"name":"operations/workflows/YTM0OGZkMGQtNDUzOC00MWFjLTk2MTctOGJkMjgyNDNkZDBm","done":true,"response":{"@type":"type.googleapis.com/google.firebase.service.v1beta1.FirebaseProject","projectId":"podsphere","projectNumber":"802097534589","displayName":"podsphere","name":"projects/podsphere","resources":{"hostingSite":"podsphere"}}}
[info] 
[info] === Your Firebase project is ready! ===
[info] 
[info] Project information:
[info]    - Project ID: podsphere
[info]    - Project Name: podsphere
[info] 
[info] Firebase console is available at
[info] https://console.firebase.google.com/project/podsphere/overview
[info] i  Using project podsphere (podsphere) 
[info] 
=== Hosting Setup
[info] 
[info] Your public directory is the folder (relative to your project directory) that
[info] will contain Hosting assets to be uploaded with firebase deploy. If you
[info] have a build process for your assets, use your build's output directory.
[info] 
[debug] [2023-04-24T17:08:31.652Z] >>> [apiv2][query] GET https://www.gstatic.com/firebasejs/releases.json [none]
[debug] [2023-04-24T17:08:31.816Z] <<< [apiv2][status] GET https://www.gstatic.com/firebasejs/releases.json 200
[debug] [2023-04-24T17:08:31.817Z] <<< [apiv2][body] GET https://www.gstatic.com/firebasejs/releases.json {"current":{"version":"9.20.0","browserURL":"https://www.gstatic.com/firebasejs/9.20.0/firebase.js","packageURL":"https://www.gstatic.com/firebasejs/9.20.0/firebase.tgz"},"live":{"version":"9.20","browserURL":"https://www.gstatic.com/firebasejs/live/9.20/firebase.js","packageURL":"https://www.gstatic.com/firebasejs/live/9.20/firebase.tgz"},"components":{"analytics":"https://www.gstatic.com/firebasejs/9.20.0/firebase-analytics.js","app":"https://www.gstatic.com/firebasejs/9.20.0/firebase-app.js","app-check":"https://www.gstatic.com/firebasejs/9.20.0/firebase-app-check.js","auth":"https://www.gstatic.com/firebasejs/9.20.0/firebase-auth.js","auth/cordova":"https://www.gstatic.com/firebasejs/9.20.0/firebase-auth/cordova.js","auth/react-native":"https://www.gstatic.com/firebasejs/9.20.0/firebase-auth/react-native.js","functions":"https://www.gstatic.com/firebasejs/9.20.0/firebase-functions.js","firestore":"https://www.gstatic.com/firebasejs/9.20.0/firebase-firestore.js","firestore/lite":"https://www.gstatic.com/firebasejs/9.20.0/firebase-firestore/lite.js","installations":"https://www.gstatic.com/firebasejs/9.20.0/firebase-installations.js","storage":"https://www.gstatic.com/firebasejs/9.20.0/firebase-storage.js","performance":"https://www.gstatic.com/firebasejs/9.20.0/firebase-performance.js","remote-config":"https://www.gstatic.com/firebasejs/9.20.0/firebase-remote-config.js","messaging":"https://www.gstatic.com/firebasejs/9.20.0/firebase-messaging.js","messaging/sw":"https://www.gstatic.com/firebasejs/9.20.0/firebase-messaging/sw.js","database":"https://www.gstatic.com/firebasejs/9.20.0/firebase-database.js","firestore.memory":"https://www.gstatic.com/firebasejs/9.20.0/firebase-firestore.memory.js"}}
[info] +  Wrote public/index.html 
[info] 
[info] i  Detected a .git folder at C:\Users\harsh\Downloads\podsphere-Vaish\podsphere-master 
[info] i  Authorizing with GitHub to upload your service account to a GitHub repository's secrets store. 
[info] 
[info] Visit this URL on this device to log in:
[info] https://github.com/login/oauth/authorize?client_id=89cf50f02ac6aaed3484&state=211932829&redirect_uri=http%3A%2F%2Flocalhost%3A9005&scope=read%3Auser%20repo%20public_repo
[info] 
[info] Waiting for authentication...
[debug] [2023-04-24T17:08:32.960Z] >>> [apiv2][query] POST https://github.com/login/oauth/access_token [none]
[debug] [2023-04-24T17:08:32.960Z] >>> [apiv2][body] POST https://github.com/login/oauth/access_token [stream]
[debug] [2023-04-24T17:08:33.480Z] <<< [apiv2][status] POST https://github.com/login/oauth/access_token 200
[debug] [2023-04-24T17:08:33.480Z] <<< [apiv2][body] POST https://github.com/login/oauth/access_token {"access_token":"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","token_type":"bearer","scope":"read:user,repo"}
[debug] [2023-04-24T17:08:33.497Z] >>> [apiv2][query] GET https://api.github.com/user [none]
[debug] [2023-04-24T17:08:34.031Z] <<< [apiv2][status] GET https://api.github.com/user 200
[debug] [2023-04-24T17:08:34.032Z] <<< [apiv2][body] GET https://api.github.com/user {"login":"Harshit036","id":76908120,"node_id":"MDQ6VXNlcjc2OTA4MTIw","avatar_url":"https://avatars.githubusercontent.com/u/76908120?v=4","gravatar_id":"","url":"https://api.github.com/users/Harshit036","html_url":"https://github.com/Harshit036","followers_url":"https://api.github.com/users/Harshit036/followers","following_url":"https://api.github.com/users/Harshit036/following{/other_user}","gists_url":"https://api.github.com/users/Harshit036/gists{/gist_id}","starred_url":"https://api.github.com/users/Harshit036/starred{/owner}{/repo}","subscriptions_url":"https://api.github.com/users/Harshit036/subscriptions","organizations_url":"https://api.github.com/users/Harshit036/orgs","repos_url":"https://api.github.com/users/Harshit036/repos","events_url":"https://api.github.com/users/Harshit036/events{/privacy}","received_events_url":"https://api.github.com/users/Harshit036/received_events","type":"User","site_admin":false,"name":null,"company":null,"blog":"","location":null,"email":null,"hireable":null,"bio":null,"twitter_username":null,"public_repos":15,"public_gists":0,"followers":2,"following":2,"created_at":"2021-01-03T13:44:58Z","updated_at":"2023-04-13T14:31:39Z","private_gists":0,"total_private_repos":2,"owned_private_repos":1,"disk_usage":30469,"collaborators":0,"two_factor_authentication":false,"plan":{"name":"free","space":976562499,"collaborators":0,"private_repos":10000}}
[info] 
[info] +  Success! Logged into GitHub as Harshit036 
[info] 
[debug] [2023-04-24T17:08:50.285Z] >>> [apiv2][query] GET https://api.github.com/repos/Harshit036/podsphere/actions/secrets/public-key type=owner
[debug] [2023-04-24T17:08:50.647Z] <<< [apiv2][status] GET https://api.github.com/repos/Harshit036/podsphere/actions/secrets/public-key 404
[debug] [2023-04-24T17:08:50.647Z] <<< [apiv2][body] GET https://api.github.com/repos/Harshit036/podsphere/actions/secrets/public-key {"message":"Not Found","documentation_url":"https://docs.github.com/rest/reference/actions#get-a-repository-public-key"}
[info] 
[info] 
[error] !  The provided authorization cannot be used with this repository. If this repository is in an organization, did you remember to grant access? 
[info] 
[info] i  Action required: Visit this URL to ensure access has been granted to the appropriate organization(s) for the Firebase CLI GitHub OAuth App: 
[info] https://github.com/settings/connections/applications/89cf50f02ac6aaed3484
[info] 
[debug] [2023-04-24T17:08:55.386Z] >>> [apiv2][query] GET https://api.github.com/repos/Harshit036/podsphere/actions/secrets/public-key type=owner
[debug] [2023-04-24T17:08:55.744Z] <<< [apiv2][status] GET https://api.github.com/repos/Harshit036/podsphere/actions/secrets/public-key 404
[debug] [2023-04-24T17:08:55.745Z] <<< [apiv2][body] GET https://api.github.com/repos/Harshit036/podsphere/actions/secrets/public-key {"message":"Not Found","documentation_url":"https://docs.github.com/rest/reference/actions#get-a-repository-public-key"}
[info] 
[info] 
[error] !  The provided authorization cannot be used with this repository. If this repository is in an organization, did you remember to grant access? 
[info] 
[info] i  Action required: Visit this URL to ensure access has been granted to the appropriate organization(s) for the Firebase CLI GitHub OAuth App: 
[info] https://github.com/settings/connections/applications/89cf50f02ac6aaed3484
[info] 
